MatchPairMaster/app/build/intermediates/manifest_merge_blame_file/debug/manifest-merger-blame-debug-report.txt
1<?xml version="1.0" encoding="utf-8"?>
2<manifest xmlns:android="http://schemas.android.com/apk/res/android"
3    package="com.example.assignment"
4    android:versionCode="1"
5    android:versionName="1.0" >
6
7    <uses-sdk
8        android:minSdkVersion="29"
8-->src\main\AndroidManifest.xml
9        android:targetSdkVersion="29" />
9-->src\main\AndroidManifest.xml
10
11    <uses-permission android:name="android.permission.INTERNET" />
11-->src\main\AndroidManifest.xml:4:5-67
11-->src\main\AndroidManifest.xml:4:22-64
12
13    <application
13-->src\main\AndroidManifest.xml:5:5-29:19
14        android:allowBackup="true"
14-->src\main\AndroidManifest.xml:6:9-35
15        android:appComponentFactory="androidx.core.app.CoreComponentFactory"
15-->[androidx.core:core:1.1.0] AndroidManifest.xml:24:18-86
16        android:debuggable="true"
17        android:extractNativeLibs="false"
18        android:icon="@mipmap/ic_launcher"
18-->src\main\AndroidManifest.xml:7:9-43
19        android:label="@string/app_name"
19-->src\main\AndroidManifest.xml:8:9-41
20        android:roundIcon="@mipmap/ic_launcher_round"
20-->src\main\AndroidManifest.xml:9:9-54
21        android:supportsRtl="true"
21-->src\main\AndroidManifest.xml:10:9-35
22        android:testOnly="true"
23        android:theme="@style/AppTheme"
23-->src\main\AndroidManifest.xml:11:9-40
24        android:usesCleartextTraffic="true" >
24-->src\main\AndroidManifest.xml:12:9-44
25        <activity android:name="com.example.assignment.MainActivity" >
25-->src\main\AndroidManifest.xml:13:9-19:20
25-->src\main\AndroidManifest.xml:13:19-47
26            <intent-filter>
26-->src\main\AndroidManifest.xml:14:13-18:29
27                <action android:name="android.intent.action.MAIN" />
27-->src\main\AndroidManifest.xml:15:17-69
27-->src\main\AndroidManifest.xml:15:25-66
28
29                <category android:name="android.intent.category.LAUNCHER" />
29-->src\main\AndroidManifest.xml:17:17-77
29-->src\main\AndroidManifest.xml:17:27-74
30            </intent-filter>
31        </activity>
32        <activity android:name="com.example.assignment.Create" />
32-->src\main\AndroidManifest.xml:20:9-44
32-->src\main\AndroidManifest.xml:20:19-41
33        <activity android:name="com.example.assignment.MatchPair" />
33-->src\main\AndroidManifest.xml:21:9-47
33-->src\main\AndroidManifest.xml:21:19-44
34        <activity android:name="com.example.assignment.Finish" />
34-->src\main\AndroidManifest.xml:22:9-44
34-->src\main\AndroidManifest.xml:22:19-41
35        <activity android:name="com.example.assignment.ScoreBoard" />
35-->src\main\AndroidManifest.xml:23:9-48
35-->src\main\AndroidManifest.xml:23:19-45
36        <activity android:name="com.example.assignment.TestsLog" />
36-->src\main\AndroidManifest.xml:24:9-46
36-->src\main\AndroidManifest.xml:24:19-43
37
38        <meta-data
38-->src\main\AndroidManifest.xml:26:9-28:57
39            android:name="preloaded_fonts"
39-->src\main\AndroidManifest.xml:27:13-43
40            android:resource="@array/preloaded_fonts" />
40-->src\main\AndroidManifest.xml:28:13-54
41    </application>
42
43</manifest>